{"/home/pedro/Documentos/estudos-serverless-aws/demo04-image-analysis/image-analisys/src/factory.js": {"path":"/home/pedro/Documentos/estudos-serverless-aws/demo04-image-analysis/image-analisys/src/factory.js","all":false,"statementMap":{"0":{"start":{"line":1,"column":0},"end":{"line":1,"column":30}},"1":{"start":{"line":2,"column":0},"end":{"line":2,"column":36}},"2":{"start":{"line":3,"column":0},"end":{"line":3,"column":0}},"3":{"start":{"line":4,"column":0},"end":{"line":4,"column":0}},"4":{"start":{"line":5,"column":0},"end":{"line":5,"column":37}},"5":{"start":{"line":6,"column":0},"end":{"line":6,"column":42}},"6":{"start":{"line":7,"column":0},"end":{"line":7,"column":0}},"7":{"start":{"line":8,"column":0},"end":{"line":8,"column":0}},"8":{"start":{"line":9,"column":0},"end":{"line":9,"column":29}},"9":{"start":{"line":10,"column":0},"end":{"line":10,"column":12}},"10":{"start":{"line":11,"column":0},"end":{"line":11,"column":17}},"11":{"start":{"line":12,"column":0},"end":{"line":12,"column":2}},"12":{"start":{"line":13,"column":0},"end":{"line":13,"column":0}},"13":{"start":{"line":14,"column":0},"end":{"line":14,"column":43}}},"s":{"0":1,"1":1,"2":1,"3":1,"4":1,"5":1,"6":1,"7":1,"8":1,"9":1,"10":1,"11":1,"12":1,"13":1},"branchMap":{},"b":{},"fnMap":{},"f":{}}
,"/home/pedro/Documentos/estudos-serverless-aws/demo04-image-analysis/image-analisys/src/handler.js": {"path":"/home/pedro/Documentos/estudos-serverless-aws/demo04-image-analysis/image-analisys/src/handler.js","all":false,"statementMap":{"0":{"start":{"line":1,"column":0},"end":{"line":1,"column":33}},"1":{"start":{"line":2,"column":0},"end":{"line":2,"column":0}},"2":{"start":{"line":3,"column":0},"end":{"line":3,"column":32}},"3":{"start":{"line":4,"column":0},"end":{"line":4,"column":43}},"4":{"start":{"line":5,"column":0},"end":{"line":5,"column":27}},"5":{"start":{"line":6,"column":0},"end":{"line":6,"column":39}},"6":{"start":{"line":7,"column":0},"end":{"line":7,"column":3}},"7":{"start":{"line":8,"column":0},"end":{"line":8,"column":0}},"8":{"start":{"line":9,"column":0},"end":{"line":9,"column":34}},"9":{"start":{"line":10,"column":0},"end":{"line":10,"column":42}},"10":{"start":{"line":11,"column":0},"end":{"line":11,"column":34}},"11":{"start":{"line":12,"column":0},"end":{"line":12,"column":7}},"12":{"start":{"line":13,"column":0},"end":{"line":13,"column":0}},"13":{"start":{"line":14,"column":0},"end":{"line":14,"column":56}},"14":{"start":{"line":15,"column":0},"end":{"line":15,"column":0}},"15":{"start":{"line":16,"column":0},"end":{"line":16,"column":18}},"16":{"start":{"line":17,"column":0},"end":{"line":17,"column":3}},"17":{"start":{"line":18,"column":0},"end":{"line":18,"column":35}},"18":{"start":{"line":19,"column":0},"end":{"line":19,"column":37}},"19":{"start":{"line":20,"column":0},"end":{"line":20,"column":21}},"20":{"start":{"line":21,"column":0},"end":{"line":21,"column":16}},"21":{"start":{"line":22,"column":0},"end":{"line":22,"column":24}},"22":{"start":{"line":23,"column":0},"end":{"line":23,"column":10}},"23":{"start":{"line":24,"column":0},"end":{"line":24,"column":8}},"24":{"start":{"line":25,"column":0},"end":{"line":25,"column":17}},"25":{"start":{"line":26,"column":0},"end":{"line":26,"column":0}},"26":{"start":{"line":27,"column":0},"end":{"line":27,"column":46}},"27":{"start":{"line":28,"column":0},"end":{"line":28,"column":41}},"28":{"start":{"line":29,"column":0},"end":{"line":29,"column":6}},"29":{"start":{"line":30,"column":0},"end":{"line":30,"column":0}},"30":{"start":{"line":31,"column":0},"end":{"line":31,"column":30}},"31":{"start":{"line":32,"column":0},"end":{"line":32,"column":30}},"32":{"start":{"line":33,"column":0},"end":{"line":33,"column":18}},"33":{"start":{"line":34,"column":0},"end":{"line":34,"column":18}},"34":{"start":{"line":35,"column":0},"end":{"line":35,"column":52}},"35":{"start":{"line":36,"column":0},"end":{"line":36,"column":0}},"36":{"start":{"line":37,"column":0},"end":{"line":37,"column":17}},"37":{"start":{"line":38,"column":0},"end":{"line":38,"column":3}},"38":{"start":{"line":39,"column":0},"end":{"line":39,"column":29}},"39":{"start":{"line":40,"column":0},"end":{"line":40,"column":20}},"40":{"start":{"line":41,"column":0},"end":{"line":41,"column":31}},"41":{"start":{"line":42,"column":0},"end":{"line":42,"column":31}},"42":{"start":{"line":43,"column":0},"end":{"line":43,"column":17}},"43":{"start":{"line":44,"column":0},"end":{"line":44,"column":6}},"44":{"start":{"line":45,"column":0},"end":{"line":45,"column":0}},"45":{"start":{"line":46,"column":0},"end":{"line":46,"column":55}},"46":{"start":{"line":47,"column":0},"end":{"line":47,"column":28}},"47":{"start":{"line":48,"column":0},"end":{"line":48,"column":17}},"48":{"start":{"line":49,"column":0},"end":{"line":49,"column":0}},"49":{"start":{"line":50,"column":0},"end":{"line":50,"column":26}},"50":{"start":{"line":51,"column":0},"end":{"line":51,"column":3}},"51":{"start":{"line":52,"column":0},"end":{"line":52,"column":21}},"52":{"start":{"line":53,"column":0},"end":{"line":53,"column":9}},"53":{"start":{"line":54,"column":0},"end":{"line":54,"column":61}},"54":{"start":{"line":55,"column":0},"end":{"line":55,"column":22}},"55":{"start":{"line":56,"column":0},"end":{"line":56,"column":16}},"56":{"start":{"line":57,"column":0},"end":{"line":57,"column":26}},"57":{"start":{"line":58,"column":0},"end":{"line":58,"column":43}},"58":{"start":{"line":59,"column":0},"end":{"line":59,"column":10}},"59":{"start":{"line":60,"column":0},"end":{"line":60,"column":7}},"60":{"start":{"line":61,"column":0},"end":{"line":61,"column":42}},"61":{"start":{"line":62,"column":0},"end":{"line":62,"column":57}},"62":{"start":{"line":63,"column":0},"end":{"line":63,"column":0}},"63":{"start":{"line":64,"column":0},"end":{"line":64,"column":41}},"64":{"start":{"line":65,"column":0},"end":{"line":65,"column":60}},"65":{"start":{"line":66,"column":0},"end":{"line":66,"column":0}},"66":{"start":{"line":67,"column":0},"end":{"line":67,"column":41}},"67":{"start":{"line":68,"column":0},"end":{"line":68,"column":55}},"68":{"start":{"line":69,"column":0},"end":{"line":69,"column":0}},"69":{"start":{"line":70,"column":0},"end":{"line":70,"column":14}},"70":{"start":{"line":71,"column":0},"end":{"line":71,"column":24}},"71":{"start":{"line":72,"column":0},"end":{"line":72,"column":20}},"72":{"start":{"line":73,"column":0},"end":{"line":73,"column":8}},"73":{"start":{"line":74,"column":0},"end":{"line":74,"column":21}},"74":{"start":{"line":75,"column":0},"end":{"line":75,"column":40}},"75":{"start":{"line":76,"column":0},"end":{"line":76,"column":14}},"76":{"start":{"line":77,"column":0},"end":{"line":77,"column":24}},"77":{"start":{"line":78,"column":0},"end":{"line":78,"column":39}},"78":{"start":{"line":79,"column":0},"end":{"line":79,"column":8}},"79":{"start":{"line":80,"column":0},"end":{"line":80,"column":5}},"80":{"start":{"line":81,"column":0},"end":{"line":81,"column":3}},"81":{"start":{"line":82,"column":0},"end":{"line":82,"column":2}}},"s":{"0":1,"1":1,"2":1,"3":1,"4":1,"5":1,"6":1,"7":1,"8":1,"9":2,"10":2,"11":2,"12":1,"13":1,"14":1,"15":1,"16":1,"17":1,"18":1,"19":1,"20":1,"21":1,"22":1,"23":1,"24":1,"25":0,"26":0,"27":0,"28":0,"29":0,"30":0,"31":0,"32":0,"33":0,"34":0,"35":0,"36":0,"37":0,"38":1,"39":0,"40":0,"41":0,"42":0,"43":0,"44":0,"45":0,"46":0,"47":0,"48":0,"49":0,"50":0,"51":1,"52":3,"53":3,"54":3,"55":1,"56":1,"57":1,"58":1,"59":1,"60":2,"61":2,"62":1,"63":1,"64":1,"65":0,"66":0,"67":0,"68":0,"69":0,"70":0,"71":0,"72":0,"73":3,"74":1,"75":1,"76":1,"77":1,"78":1,"79":1,"80":3,"81":1},"branchMap":{"0":{"type":"branch","line":4,"loc":{"start":{"line":4,"column":2},"end":{"line":7,"column":3}},"locations":[{"start":{"line":4,"column":2},"end":{"line":7,"column":3}}]},"1":{"type":"branch","line":9,"loc":{"start":{"line":9,"column":2},"end":{"line":17,"column":3}},"locations":[{"start":{"line":9,"column":2},"end":{"line":17,"column":3}}]},"2":{"type":"branch","line":12,"loc":{"start":{"line":12,"column":6},"end":{"line":17,"column":3}},"locations":[{"start":{"line":12,"column":6},"end":{"line":17,"column":3}}]},"3":{"type":"branch","line":18,"loc":{"start":{"line":18,"column":2},"end":{"line":38,"column":3}},"locations":[{"start":{"line":18,"column":2},"end":{"line":38,"column":3}}]},"4":{"type":"branch","line":25,"loc":{"start":{"line":25,"column":16},"end":{"line":38,"column":3}},"locations":[{"start":{"line":25,"column":16},"end":{"line":38,"column":3}}]},"5":{"type":"branch","line":52,"loc":{"start":{"line":52,"column":2},"end":{"line":81,"column":3}},"locations":[{"start":{"line":52,"column":2},"end":{"line":81,"column":3}}]},"6":{"type":"branch","line":55,"loc":{"start":{"line":55,"column":21},"end":{"line":60,"column":7}},"locations":[{"start":{"line":55,"column":21},"end":{"line":60,"column":7}}]},"7":{"type":"branch","line":60,"loc":{"start":{"line":60,"column":6},"end":{"line":62,"column":57}},"locations":[{"start":{"line":60,"column":6},"end":{"line":62,"column":57}}]},"8":{"type":"branch","line":62,"loc":{"start":{"line":62,"column":56},"end":{"line":65,"column":60}},"locations":[{"start":{"line":62,"column":56},"end":{"line":65,"column":60}}]},"9":{"type":"branch","line":65,"loc":{"start":{"line":65,"column":59},"end":{"line":74,"column":6}},"locations":[{"start":{"line":65,"column":59},"end":{"line":74,"column":6}}]},"10":{"type":"branch","line":74,"loc":{"start":{"line":74,"column":6},"end":{"line":80,"column":5}},"locations":[{"start":{"line":74,"column":6},"end":{"line":80,"column":5}}]}},"b":{"0":[1],"1":[2],"2":[1],"3":[1],"4":[0],"5":[3],"6":[1],"7":[2],"8":[1],"9":[0],"10":[1]},"fnMap":{"0":{"name":"Handler","decl":{"start":{"line":4,"column":2},"end":{"line":7,"column":3}},"loc":{"start":{"line":4,"column":2},"end":{"line":7,"column":3}},"line":4},"1":{"name":"getImageBuffer","decl":{"start":{"line":9,"column":2},"end":{"line":17,"column":3}},"loc":{"start":{"line":9,"column":2},"end":{"line":17,"column":3}},"line":9},"2":{"name":"detectImageLabels","decl":{"start":{"line":18,"column":2},"end":{"line":38,"column":3}},"loc":{"start":{"line":18,"column":2},"end":{"line":38,"column":3}},"line":18},"3":{"name":"translateText","decl":{"start":{"line":39,"column":2},"end":{"line":51,"column":3}},"loc":{"start":{"line":39,"column":2},"end":{"line":51,"column":3}},"line":39},"4":{"name":"main","decl":{"start":{"line":52,"column":2},"end":{"line":81,"column":3}},"loc":{"start":{"line":52,"column":2},"end":{"line":81,"column":3}},"line":52}},"f":{"0":1,"1":2,"2":1,"3":0,"4":3}}
,"/home/pedro/Documentos/estudos-serverless-aws/demo04-image-analysis/image-analisys/src/index.js": {"path":"/home/pedro/Documentos/estudos-serverless-aws/demo04-image-analysis/image-analisys/src/index.js","all":false,"statementMap":{"0":{"start":{"line":1,"column":0},"end":{"line":1,"column":34}},"1":{"start":{"line":2,"column":0},"end":{"line":2,"column":0}},"2":{"start":{"line":3,"column":0},"end":{"line":3,"column":18}},"3":{"start":{"line":4,"column":0},"end":{"line":4,"column":7}},"4":{"start":{"line":5,"column":0},"end":{"line":5,"column":2}}},"s":{"0":1,"1":1,"2":1,"3":1,"4":1},"branchMap":{},"b":{},"fnMap":{},"f":{}}
}
